27-Jan-2025 00:04:06.588 INFO [Thread-5] org.apache.coyote.AbstractProtocol.pause Pausing ProtocolHandler ["http-nio-8081"]
27-Jan-2025 00:04:06.597 INFO [Thread-5] org.apache.catalina.core.StandardService.stopInternal Stopping service [Catalina]
27-Jan-2025 00:04:06.719 WARNING [Thread-5] org.apache.catalina.loader.WebappClassLoaderBase.clearReferencesJdbc The web application [SpringMvcCrudApp] registered the JDBC driver [com.mysql.cj.jdbc.Driver] but failed to unregister it when the web application was stopped. To prevent a memory leak, the JDBC Driver has been forcibly unregistered.
27-Jan-2025 00:04:06.719 WARNING [Thread-5] org.apache.catalina.loader.WebappClassLoaderBase.clearReferencesThreads The web application [SpringMvcCrudApp] appears to have started a thread named [mysql-cj-abandoned-connection-cleanup] but has failed to stop it. This is very likely to create a memory leak. Stack trace of thread:
 java.base/jdk.internal.misc.Unsafe.park(Native Method)
 java.base/java.util.concurrent.locks.LockSupport.parkNanos(LockSupport.java:269)
 java.base/java.util.concurrent.locks.AbstractQueuedSynchronizer$ConditionObject.await(AbstractQueuedSynchronizer.java:1852)
 java.base/java.lang.ref.ReferenceQueue.await(ReferenceQueue.java:79)
 java.base/java.lang.ref.ReferenceQueue.remove0(ReferenceQueue.java:151)
 java.base/java.lang.ref.ReferenceQueue.remove(ReferenceQueue.java:229)
 com.mysql.cj.jdbc.AbandonedConnectionCleanupThread.run(AbandonedConnectionCleanupThread.java:91)
 java.base/java.util.concurrent.ThreadPoolExecutor.runWorker(ThreadPoolExecutor.java:1144)
 java.base/java.util.concurrent.ThreadPoolExecutor$Worker.run(ThreadPoolExecutor.java:642)
 java.base/java.lang.Thread.run(Thread.java:1575)
27-Jan-2025 00:04:06.731 WARNING [Thread-5] org.apache.catalina.loader.WebappClassLoaderBase.clearReferencesThreads The web application [SpringMvcCrudApp] appears to have started a thread named [Resource Destroyer in BasicResourcePool.close()] but has failed to stop it. This is very likely to create a memory leak. Stack trace of thread:
 java.base/java.io.RandomAccessFile.readBytes0(Native Method)
 java.base/java.io.RandomAccessFile.readBytes(RandomAccessFile.java:428)
 java.base/java.io.RandomAccessFile.read(RandomAccessFile.java:478)
 java.base/java.io.RandomAccessFile.readFully(RandomAccessFile.java:542)
 java.base/java.util.zip.ZipFile$Source.readFullyAt(ZipFile.java:1595)
 java.base/java.util.zip.ZipFile$Source.findEND(ZipFile.java:1642)
 java.base/java.util.zip.ZipFile$Source.initCEN(ZipFile.java:1724)
 java.base/java.util.zip.ZipFile$Source.<init>(ZipFile.java:1562)
 java.base/java.util.zip.ZipFile$Source.get(ZipFile.java:1525)
 java.base/java.util.zip.ZipFile$CleanableResource.<init>(ZipFile.java:744)
 java.base/java.util.zip.ZipFile.<init>(ZipFile.java:254)
 java.base/java.util.zip.ZipFile.<init>(ZipFile.java:181)
 java.base/java.util.jar.JarFile.<init>(JarFile.java:345)
 java.base/jdk.internal.reflect.DirectConstructorHandleAccessor.newInstance(DirectConstructorHandleAccessor.java:62)
 java.base/java.lang.reflect.Constructor.newInstanceWithCaller(Constructor.java:501)
 java.base/java.lang.reflect.Constructor.newInstance(Constructor.java:485)
 org.apache.tomcat.util.compat.Jre9Compat.jarFileNewInstance(Jre9Compat.java:206)
 org.apache.tomcat.util.compat.Jre19Compat.jarFileNewInstance(Jre19Compat.java:25)
 org.apache.tomcat.util.compat.JreCompat.jarFileNewInstance(JreCompat.java:279)
 org.apache.catalina.webresources.AbstractArchiveResourceSet.openJarFile(AbstractArchiveResourceSet.java:300)
 org.apache.catalina.webresources.AbstractSingleArchiveResourceSet.getArchiveEntry(AbstractSingleArchiveResourceSet.java:96)
 org.apache.catalina.webresources.AbstractArchiveResourceSet.getResource(AbstractArchiveResourceSet.java:250)
 org.apache.catalina.webresources.StandardRoot.getResourceInternal(StandardRoot.java:272)
 org.apache.catalina.webresources.Cache.getResource(Cache.java:64)
 org.apache.catalina.webresources.StandardRoot.getResource(StandardRoot.java:211)
 org.apache.catalina.webresources.StandardRoot.getClassLoaderResource(StandardRoot.java:220)
 org.apache.catalina.loader.WebappClassLoaderBase.findClassInternal(WebappClassLoaderBase.java:2222)
 org.apache.catalina.loader.WebappClassLoaderBase.findClassInternal(WebappClassLoaderBase.java:2208)
 org.apache.catalina.loader.WebappClassLoaderBase.findClass(WebappClassLoaderBase.java:823)
 org.apache.catalina.loader.WebappClassLoaderBase.loadClass(WebappClassLoaderBase.java:1310)
 org.apache.catalina.loader.WebappClassLoaderBase.loadClass(WebappClassLoaderBase.java:1158)
 com.mchange.v2.resourcepool.BasicResourcePool.destroyResource(BasicResourcePool.java:1130)
 com.mchange.v2.resourcepool.BasicResourcePool.destroyResource(BasicResourcePool.java:1100)
 com.mchange.v2.resourcepool.BasicResourcePool.access$100(BasicResourcePool.java:44)
 com.mchange.v2.resourcepool.BasicResourcePool$5.run(BasicResourcePool.java:1354)
27-Jan-2025 00:04:06.754 INFO [Thread-5] org.apache.coyote.AbstractProtocol.stop Stopping ProtocolHandler ["http-nio-8081"]
27-Jan-2025 00:04:06.756 INFO [Resource Destroyer in BasicResourcePool.close()] org.apache.catalina.loader.WebappClassLoaderBase.checkStateForResourceLoading Illegal access: this web application instance has been stopped already. Could not load [com.mchange.v2.resourcepool.BasicResourcePool$1DestroyResourceTask]. The following stack trace is thrown for debugging purposes as well as to attempt to terminate the thread which caused the illegal access.
	java.lang.IllegalStateException: Illegal access: this web application instance has been stopped already. Could not load [com.mchange.v2.resourcepool.BasicResourcePool$1DestroyResourceTask]. The following stack trace is thrown for debugging purposes as well as to attempt to terminate the thread which caused the illegal access.
		at org.apache.catalina.loader.WebappClassLoaderBase.checkStateForResourceLoading(WebappClassLoaderBase.java:1369)
		at org.apache.catalina.loader.WebappClassLoaderBase.checkStateForClassLoading(WebappClassLoaderBase.java:1357)
		at org.apache.catalina.loader.WebappClassLoaderBase.loadClass(WebappClassLoaderBase.java:1191)
		at org.apache.catalina.loader.WebappClassLoaderBase.loadClass(WebappClassLoaderBase.java:1158)
		at com.mchange.v2.resourcepool.BasicResourcePool.destroyResource(BasicResourcePool.java:1130)
		at com.mchange.v2.resourcepool.BasicResourcePool.destroyResource(BasicResourcePool.java:1100)
		at com.mchange.v2.resourcepool.BasicResourcePool.access$100(BasicResourcePool.java:44)
		at com.mchange.v2.resourcepool.BasicResourcePool$5.run(BasicResourcePool.java:1354)
27-Jan-2025 00:04:06.775 INFO [Thread-5] org.apache.coyote.AbstractProtocol.destroy Destroying ProtocolHandler ["http-nio-8081"]
27-Jan-2025 00:05:12.213 INFO [main] org.apache.catalina.startup.VersionLoggerListener.log Server version name:   Apache Tomcat/9.0.98
27-Jan-2025 00:05:12.220 INFO [main] org.apache.catalina.startup.VersionLoggerListener.log Server built:          Dec 5 2024 19:50:29 UTC
27-Jan-2025 00:05:12.220 INFO [main] org.apache.catalina.startup.VersionLoggerListener.log Server version number: 9.0.98.0
27-Jan-2025 00:05:12.221 INFO [main] org.apache.catalina.startup.VersionLoggerListener.log OS Name:               Windows 10
27-Jan-2025 00:05:12.221 INFO [main] org.apache.catalina.startup.VersionLoggerListener.log OS Version:            10.0
27-Jan-2025 00:05:12.221 INFO [main] org.apache.catalina.startup.VersionLoggerListener.log Architecture:          amd64
27-Jan-2025 00:05:12.221 INFO [main] org.apache.catalina.startup.VersionLoggerListener.log Java Home:             C:\Program Files\Java\jdk-23
27-Jan-2025 00:05:12.222 INFO [main] org.apache.catalina.startup.VersionLoggerListener.log JVM Version:           23.0.1+11-39
27-Jan-2025 00:05:12.222 INFO [main] org.apache.catalina.startup.VersionLoggerListener.log JVM Vendor:            Oracle Corporation
27-Jan-2025 00:05:12.222 INFO [main] org.apache.catalina.startup.VersionLoggerListener.log CATALINA_BASE:         C:\Users\ALRWAD\OneDrive\Desktop\JavaBootCamp\SpringMvcCrudApp
27-Jan-2025 00:05:12.222 INFO [main] org.apache.catalina.startup.VersionLoggerListener.log CATALINA_HOME:         C:\Program Files\Apache Software Foundation\Tomcat 9.0
27-Jan-2025 00:05:12.235 INFO [main] org.apache.catalina.startup.VersionLoggerListener.log Command line argument: --add-opens=java.base/java.lang=ALL-UNNAMED
27-Jan-2025 00:05:12.235 INFO [main] org.apache.catalina.startup.VersionLoggerListener.log Command line argument: --add-opens=java.base/java.io=ALL-UNNAMED
27-Jan-2025 00:05:12.235 INFO [main] org.apache.catalina.startup.VersionLoggerListener.log Command line argument: --add-opens=java.base/java.util=ALL-UNNAMED
27-Jan-2025 00:05:12.235 INFO [main] org.apache.catalina.startup.VersionLoggerListener.log Command line argument: --add-opens=java.base/java.util.concurrent=ALL-UNNAMED
27-Jan-2025 00:05:12.236 INFO [main] org.apache.catalina.startup.VersionLoggerListener.log Command line argument: --add-opens=java.rmi/sun.rmi.transport=ALL-UNNAMED
27-Jan-2025 00:05:12.236 INFO [main] org.apache.catalina.startup.VersionLoggerListener.log Command line argument: -Dcatalina.home=C:\Program Files\Apache Software Foundation\Tomcat 9.0
27-Jan-2025 00:05:12.236 INFO [main] org.apache.catalina.startup.VersionLoggerListener.log Command line argument: -Dcatalina.base=C:\Users\ALRWAD\OneDrive\Desktop\JavaBootCamp\SpringMvcCrudApp
27-Jan-2025 00:05:12.236 INFO [main] org.apache.catalina.startup.VersionLoggerListener.log Command line argument: -Djava.io.tmpdir=C:\Users\ALRWAD\OneDrive\Desktop\JavaBootCamp\SpringMvcCrudApp\temp
27-Jan-2025 00:05:12.236 INFO [main] org.apache.catalina.startup.VersionLoggerListener.log Command line argument: -Djava.util.logging.config.file=C:\Users\ALRWAD\OneDrive\Desktop\JavaBootCamp\SpringMvcCrudApp\conf\logging.properties
27-Jan-2025 00:05:12.236 INFO [main] org.apache.catalina.startup.VersionLoggerListener.log Command line argument: -Djava.util.logging.manager=org.apache.juli.ClassLoaderLogManager
27-Jan-2025 00:05:12.237 INFO [main] org.apache.catalina.startup.VersionLoggerListener.log Command line argument: -javaagent:C:\Program Files\JetBrains\IntelliJ IDEA 2024.3\lib\idea_rt.jar=56538:C:\Program Files\JetBrains\IntelliJ IDEA 2024.3\bin
27-Jan-2025 00:05:12.237 INFO [main] org.apache.catalina.startup.VersionLoggerListener.log Command line argument: -Dfile.encoding=UTF-8
27-Jan-2025 00:05:12.237 INFO [main] org.apache.catalina.startup.VersionLoggerListener.log Command line argument: -Dsun.stdout.encoding=UTF-8
27-Jan-2025 00:05:12.237 INFO [main] org.apache.catalina.startup.VersionLoggerListener.log Command line argument: -Dsun.stderr.encoding=UTF-8
27-Jan-2025 00:05:12.246 INFO [main] org.apache.catalina.core.AprLifecycleListener.lifecycleEvent Loaded Apache Tomcat Native library [1.3.1] using APR version [1.7.4].
27-Jan-2025 00:05:12.247 INFO [main] org.apache.catalina.core.AprLifecycleListener.lifecycleEvent APR capabilities: IPv6 [true], sendfile [true], accept filters [false], random [true], UDS [true].
27-Jan-2025 00:05:12.247 INFO [main] org.apache.catalina.core.AprLifecycleListener.lifecycleEvent APR/OpenSSL configuration: useAprConnector [false], useOpenSSL [true]
27-Jan-2025 00:05:12.259 INFO [main] org.apache.catalina.core.AprLifecycleListener.initializeSSL OpenSSL successfully initialized [OpenSSL 3.0.14 4 Jun 2024]
27-Jan-2025 00:05:13.133 INFO [main] org.apache.coyote.AbstractProtocol.init Initializing ProtocolHandler ["http-nio-8081"]
27-Jan-2025 00:05:13.169 INFO [main] org.apache.catalina.startup.Catalina.load Server initialization in [1382] milliseconds
27-Jan-2025 00:05:13.259 INFO [main] org.apache.catalina.core.StandardService.startInternal Starting service [Catalina]
27-Jan-2025 00:05:13.261 INFO [main] org.apache.catalina.core.StandardEngine.startInternal Starting Servlet engine: [Apache Tomcat/9.0.98]
27-Jan-2025 00:05:13.280 INFO [main] org.apache.catalina.startup.HostConfig.deployDescriptor Deploying deployment descriptor [C:\Users\ALRWAD\OneDrive\Desktop\JavaBootCamp\SpringMvcCrudApp\conf\Catalina\localhost\AgeCalculator.xml]
27-Jan-2025 00:05:20.047 INFO [main] org.apache.jasper.servlet.TldScanner.scanJars At least one JAR was scanned for TLDs yet contained no TLDs. Enable debug logging for this logger for a complete list of JARs that were scanned but no TLDs were found in them. Skipping unneeded JARs during scanning can improve startup time and JSP compilation time.
27-Jan-2025 00:05:20.605 INFO [main] org.springframework.web.servlet.FrameworkServlet.initServletBean Initializing Servlet 'dispatcher'
27-Jan-2025 00:05:28.164 INFO [main] org.springframework.web.servlet.FrameworkServlet.initServletBean Completed initialization in 7559 ms
27-Jan-2025 00:05:28.225 INFO [main] org.apache.catalina.startup.HostConfig.deployDescriptor Deployment of deployment descriptor [C:\Users\ALRWAD\OneDrive\Desktop\JavaBootCamp\SpringMvcCrudApp\conf\Catalina\localhost\AgeCalculator.xml] has finished in [14,944] ms
27-Jan-2025 00:05:28.225 INFO [main] org.apache.catalina.startup.HostConfig.deployDescriptor Deploying deployment descriptor [C:\Users\ALRWAD\OneDrive\Desktop\JavaBootCamp\SpringMvcCrudApp\conf\Catalina\localhost\SpringMvcCrudApp.xml]
27-Jan-2025 00:05:34.421 INFO [main] org.apache.jasper.servlet.TldScanner.scanJars At least one JAR was scanned for TLDs yet contained no TLDs. Enable debug logging for this logger for a complete list of JARs that were scanned but no TLDs were found in them. Skipping unneeded JARs during scanning can improve startup time and JSP compilation time.
27-Jan-2025 00:05:35.242 INFO [main] org.springframework.web.servlet.FrameworkServlet.initServletBean Initializing Servlet 'dispatcher'
27-Jan-2025 00:05:38.262 INFO [MLog-Init-Reporter] com.mchange.v2.log.MLog. MLog clients using java 1.4+ standard logging.
27-Jan-2025 00:05:38.567 INFO [main] com.mchange.v2.c3p0.C3P0Registry. Initializing c3p0-0.9.5.5 [built 11-December-2019 22:18:33 -0800; debug? true; trace: 10]
27-Jan-2025 00:05:39.771 INFO [main] org.hibernate.Version.logVersion HHH000412: Hibernate Core {5.2.2.Final}
27-Jan-2025 00:05:39.779 INFO [main] org.hibernate.cfg.Environment.<clinit> HHH000206: hibernate.properties not found
27-Jan-2025 00:05:39.783 INFO [main] org.hibernate.cfg.Environment.buildBytecodeProvider HHH000021: Bytecode provider name : javassist
27-Jan-2025 00:05:40.038 INFO [main] org.hibernate.annotations.common.reflection.java.JavaReflectionManager.<clinit> HCANN000001: Hibernate Commons Annotations {5.0.1.Final}
27-Jan-2025 00:05:40.623 INFO [main] com.mchange.v2.c3p0.impl.AbstractPoolBackedDataSource. Initializing c3p0 pool... com.mchange.v2.c3p0.ComboPooledDataSource [ acquireIncrement -> 3, acquireRetryAttempts -> 30, acquireRetryDelay -> 1000, autoCommitOnClose -> false, automaticTestTable -> null, breakAfterAcquireFailure -> false, checkoutTimeout -> 0, connectionCustomizerClassName -> null, connectionTesterClassName -> com.mchange.v2.c3p0.impl.DefaultConnectionTester, contextClassLoaderSource -> caller, dataSourceName -> 1hge138b819omrlv1l6wf90|5b4c2959, debugUnreturnedConnectionStackTraces -> false, description -> null, driverClass -> com.mysql.cj.jdbc.Driver, extensions -> {}, factoryClassLocation -> null, forceIgnoreUnresolvedTransactions -> false, forceSynchronousCheckins -> false, forceUseNamedDriverClass -> false, identityToken -> 1hge138b819omrlv1l6wf90|5b4c2959, idleConnectionTestPeriod -> 0, initialPoolSize -> 3, jdbcUrl -> jdbc:mysql://localhost:3307/test?useSSL=false&serverTimezone=UTC, maxAdministrativeTaskTime -> 0, maxConnectionAge -> 0, maxIdleTime -> 30000, maxIdleTimeExcessConnections -> 0, maxPoolSize -> 20, maxStatements -> 0, maxStatementsPerConnection -> 0, minPoolSize -> 5, numHelperThreads -> 3, preferredTestQuery -> null, privilegeSpawnedThreads -> false, properties -> {user=******, password=******}, propertyCycle -> 0, statementCacheNumDeferredCloseThreads -> 0, testConnectionOnCheckin -> false, testConnectionOnCheckout -> false, unreturnedConnectionTimeout -> 0, userOverrides -> {}, usesTraditionalReflectiveProxies -> false ]
27-Jan-2025 00:05:40.676 WARNING [main] com.mchange.v2.resourcepool.BasicResourcePool. Bad pool size config, start 3 < min 5. Using 5 as start.
27-Jan-2025 00:05:41.503 INFO [main] org.hibernate.dialect.Dialect.<init> HHH000400: Using dialect: org.hibernate.dialect.MySQLDialect
27-Jan-2025 00:05:46.272 INFO [main] org.springframework.web.servlet.FrameworkServlet.initServletBean Completed initialization in 11030 ms
27-Jan-2025 00:05:46.281 INFO [main] org.apache.catalina.startup.HostConfig.deployDescriptor Deployment of deployment descriptor [C:\Users\ALRWAD\OneDrive\Desktop\JavaBootCamp\SpringMvcCrudApp\conf\Catalina\localhost\SpringMvcCrudApp.xml] has finished in [18,056] ms
27-Jan-2025 00:05:46.289 INFO [main] org.apache.coyote.AbstractProtocol.start Starting ProtocolHandler ["http-nio-8081"]
27-Jan-2025 00:05:46.319 INFO [main] org.apache.catalina.startup.Catalina.start Server startup in [33147] milliseconds
27-Jan-2025 00:06:00.036 WARN [http-nio-8081-exec-1] org.hibernate.engine.jdbc.spi.SqlExceptionHelper.logExceptions SQL Error: 1048, SQLState: 23000
27-Jan-2025 00:06:00.037 ERROR [http-nio-8081-exec-1] org.hibernate.engine.jdbc.spi.SqlExceptionHelper.logExceptions Column 'name' cannot be null
27-Jan-2025 00:10:22.144 INFO [Thread-5] org.apache.coyote.AbstractProtocol.pause Pausing ProtocolHandler ["http-nio-8081"]
27-Jan-2025 00:10:22.154 INFO [Thread-5] org.apache.catalina.core.StandardService.stopInternal Stopping service [Catalina]
27-Jan-2025 00:10:22.243 WARNING [Thread-5] org.apache.catalina.loader.WebappClassLoaderBase.clearReferencesJdbc The web application [SpringMvcCrudApp] registered the JDBC driver [com.mysql.cj.jdbc.Driver] but failed to unregister it when the web application was stopped. To prevent a memory leak, the JDBC Driver has been forcibly unregistered.
27-Jan-2025 00:10:22.243 WARNING [Thread-5] org.apache.catalina.loader.WebappClassLoaderBase.clearReferencesThreads The web application [SpringMvcCrudApp] appears to have started a thread named [mysql-cj-abandoned-connection-cleanup] but has failed to stop it. This is very likely to create a memory leak. Stack trace of thread:
 java.base/jdk.internal.misc.Unsafe.park(Native Method)
 java.base/java.util.concurrent.locks.LockSupport.parkNanos(LockSupport.java:269)
 java.base/java.util.concurrent.locks.AbstractQueuedSynchronizer$ConditionObject.await(AbstractQueuedSynchronizer.java:1852)
 java.base/java.lang.ref.ReferenceQueue.await(ReferenceQueue.java:79)
 java.base/java.lang.ref.ReferenceQueue.remove0(ReferenceQueue.java:151)
 java.base/java.lang.ref.ReferenceQueue.remove(ReferenceQueue.java:229)
 com.mysql.cj.jdbc.AbandonedConnectionCleanupThread.run(AbandonedConnectionCleanupThread.java:91)
 java.base/java.util.concurrent.ThreadPoolExecutor.runWorker(ThreadPoolExecutor.java:1144)
 java.base/java.util.concurrent.ThreadPoolExecutor$Worker.run(ThreadPoolExecutor.java:642)
 java.base/java.lang.Thread.run(Thread.java:1575)
27-Jan-2025 00:10:22.244 WARNING [Thread-5] org.apache.catalina.loader.WebappClassLoaderBase.clearReferencesThreads The web application [SpringMvcCrudApp] appears to have started a thread named [Resource Destroyer in BasicResourcePool.close()] but has failed to stop it. This is very likely to create a memory leak. Stack trace of thread:
 java.base/java.io.RandomAccessFile.readBytes0(Native Method)
 java.base/java.io.RandomAccessFile.readBytes(RandomAccessFile.java:428)
 java.base/java.io.RandomAccessFile.read(RandomAccessFile.java:478)
 java.base/java.io.RandomAccessFile.readFully(RandomAccessFile.java:542)
 java.base/java.util.zip.ZipFile$Source.readFullyAt(ZipFile.java:1595)
 java.base/java.util.zip.ZipFile$Source.findEND(ZipFile.java:1642)
 java.base/java.util.zip.ZipFile$Source.initCEN(ZipFile.java:1724)
 java.base/java.util.zip.ZipFile$Source.<init>(ZipFile.java:1562)
 java.base/java.util.zip.ZipFile$Source.get(ZipFile.java:1525)
 java.base/java.util.zip.ZipFile$CleanableResource.<init>(ZipFile.java:744)
 java.base/java.util.zip.ZipFile.<init>(ZipFile.java:254)
 java.base/java.util.zip.ZipFile.<init>(ZipFile.java:181)
 java.base/java.util.jar.JarFile.<init>(JarFile.java:345)
 java.base/jdk.internal.reflect.DirectConstructorHandleAccessor.newInstance(DirectConstructorHandleAccessor.java:62)
 java.base/java.lang.reflect.Constructor.newInstanceWithCaller(Constructor.java:501)
 java.base/java.lang.reflect.Constructor.newInstance(Constructor.java:485)
 org.apache.tomcat.util.compat.Jre9Compat.jarFileNewInstance(Jre9Compat.java:206)
 org.apache.tomcat.util.compat.Jre19Compat.jarFileNewInstance(Jre19Compat.java:25)
 org.apache.tomcat.util.compat.JreCompat.jarFileNewInstance(JreCompat.java:279)
 org.apache.catalina.webresources.AbstractArchiveResourceSet.openJarFile(AbstractArchiveResourceSet.java:300)
 org.apache.catalina.webresources.AbstractSingleArchiveResourceSet.getArchiveEntry(AbstractSingleArchiveResourceSet.java:96)
 org.apache.catalina.webresources.AbstractArchiveResourceSet.getResource(AbstractArchiveResourceSet.java:250)
 org.apache.catalina.webresources.StandardRoot.getResourceInternal(StandardRoot.java:272)
 org.apache.catalina.webresources.Cache.getResource(Cache.java:64)
 org.apache.catalina.webresources.StandardRoot.getResource(StandardRoot.java:211)
 org.apache.catalina.webresources.StandardRoot.getClassLoaderResource(StandardRoot.java:220)
 org.apache.catalina.loader.WebappClassLoaderBase.findClassInternal(WebappClassLoaderBase.java:2222)
 org.apache.catalina.loader.WebappClassLoaderBase.findClassInternal(WebappClassLoaderBase.java:2208)
 org.apache.catalina.loader.WebappClassLoaderBase.findClass(WebappClassLoaderBase.java:823)
 org.apache.catalina.loader.WebappClassLoaderBase.loadClass(WebappClassLoaderBase.java:1310)
 org.apache.catalina.loader.WebappClassLoaderBase.loadClass(WebappClassLoaderBase.java:1158)
 com.mchange.v2.resourcepool.BasicResourcePool.destroyResource(BasicResourcePool.java:1130)
 com.mchange.v2.resourcepool.BasicResourcePool.destroyResource(BasicResourcePool.java:1100)
 com.mchange.v2.resourcepool.BasicResourcePool.access$100(BasicResourcePool.java:44)
 com.mchange.v2.resourcepool.BasicResourcePool$5.run(BasicResourcePool.java:1354)
27-Jan-2025 00:10:22.251 INFO [Thread-5] org.apache.coyote.AbstractProtocol.stop Stopping ProtocolHandler ["http-nio-8081"]
27-Jan-2025 00:10:22.251 INFO [Resource Destroyer in BasicResourcePool.close()] org.apache.catalina.loader.WebappClassLoaderBase.checkStateForResourceLoading Illegal access: this web application instance has been stopped already. Could not load [com.mchange.v2.resourcepool.BasicResourcePool$1DestroyResourceTask]. The following stack trace is thrown for debugging purposes as well as to attempt to terminate the thread which caused the illegal access.
	java.lang.IllegalStateException: Illegal access: this web application instance has been stopped already. Could not load [com.mchange.v2.resourcepool.BasicResourcePool$1DestroyResourceTask]. The following stack trace is thrown for debugging purposes as well as to attempt to terminate the thread which caused the illegal access.
		at org.apache.catalina.loader.WebappClassLoaderBase.checkStateForResourceLoading(WebappClassLoaderBase.java:1369)
		at org.apache.catalina.loader.WebappClassLoaderBase.checkStateForClassLoading(WebappClassLoaderBase.java:1357)
		at org.apache.catalina.loader.WebappClassLoaderBase.loadClass(WebappClassLoaderBase.java:1191)
		at org.apache.catalina.loader.WebappClassLoaderBase.loadClass(WebappClassLoaderBase.java:1158)
		at com.mchange.v2.resourcepool.BasicResourcePool.destroyResource(BasicResourcePool.java:1130)
		at com.mchange.v2.resourcepool.BasicResourcePool.destroyResource(BasicResourcePool.java:1100)
		at com.mchange.v2.resourcepool.BasicResourcePool.access$100(BasicResourcePool.java:44)
		at com.mchange.v2.resourcepool.BasicResourcePool$5.run(BasicResourcePool.java:1354)
27-Jan-2025 00:10:22.260 INFO [Thread-5] org.apache.coyote.AbstractProtocol.destroy Destroying ProtocolHandler ["http-nio-8081"]
27-Jan-2025 00:10:32.457 INFO [main] org.apache.catalina.startup.VersionLoggerListener.log Server version name:   Apache Tomcat/9.0.98
27-Jan-2025 00:10:32.466 INFO [main] org.apache.catalina.startup.VersionLoggerListener.log Server built:          Dec 5 2024 19:50:29 UTC
27-Jan-2025 00:10:32.467 INFO [main] org.apache.catalina.startup.VersionLoggerListener.log Server version number: 9.0.98.0
27-Jan-2025 00:10:32.467 INFO [main] org.apache.catalina.startup.VersionLoggerListener.log OS Name:               Windows 10
27-Jan-2025 00:10:32.467 INFO [main] org.apache.catalina.startup.VersionLoggerListener.log OS Version:            10.0
27-Jan-2025 00:10:32.467 INFO [main] org.apache.catalina.startup.VersionLoggerListener.log Architecture:          amd64
27-Jan-2025 00:10:32.467 INFO [main] org.apache.catalina.startup.VersionLoggerListener.log Java Home:             C:\Program Files\Java\jdk-23
27-Jan-2025 00:10:32.467 INFO [main] org.apache.catalina.startup.VersionLoggerListener.log JVM Version:           23.0.1+11-39
27-Jan-2025 00:10:32.468 INFO [main] org.apache.catalina.startup.VersionLoggerListener.log JVM Vendor:            Oracle Corporation
27-Jan-2025 00:10:32.469 INFO [main] org.apache.catalina.startup.VersionLoggerListener.log CATALINA_BASE:         C:\Users\ALRWAD\OneDrive\Desktop\JavaBootCamp\SpringMvcCrudApp
27-Jan-2025 00:10:32.469 INFO [main] org.apache.catalina.startup.VersionLoggerListener.log CATALINA_HOME:         C:\Program Files\Apache Software Foundation\Tomcat 9.0
27-Jan-2025 00:10:32.490 INFO [main] org.apache.catalina.startup.VersionLoggerListener.log Command line argument: --add-opens=java.base/java.lang=ALL-UNNAMED
27-Jan-2025 00:10:32.491 INFO [main] org.apache.catalina.startup.VersionLoggerListener.log Command line argument: --add-opens=java.base/java.io=ALL-UNNAMED
27-Jan-2025 00:10:32.493 INFO [main] org.apache.catalina.startup.VersionLoggerListener.log Command line argument: --add-opens=java.base/java.util=ALL-UNNAMED
27-Jan-2025 00:10:32.493 INFO [main] org.apache.catalina.startup.VersionLoggerListener.log Command line argument: --add-opens=java.base/java.util.concurrent=ALL-UNNAMED
27-Jan-2025 00:10:32.493 INFO [main] org.apache.catalina.startup.VersionLoggerListener.log Command line argument: --add-opens=java.rmi/sun.rmi.transport=ALL-UNNAMED
27-Jan-2025 00:10:32.494 INFO [main] org.apache.catalina.startup.VersionLoggerListener.log Command line argument: -Dcatalina.home=C:\Program Files\Apache Software Foundation\Tomcat 9.0
27-Jan-2025 00:10:32.494 INFO [main] org.apache.catalina.startup.VersionLoggerListener.log Command line argument: -Dcatalina.base=C:\Users\ALRWAD\OneDrive\Desktop\JavaBootCamp\SpringMvcCrudApp
27-Jan-2025 00:10:32.494 INFO [main] org.apache.catalina.startup.VersionLoggerListener.log Command line argument: -Djava.io.tmpdir=C:\Users\ALRWAD\OneDrive\Desktop\JavaBootCamp\SpringMvcCrudApp\temp
27-Jan-2025 00:10:32.494 INFO [main] org.apache.catalina.startup.VersionLoggerListener.log Command line argument: -Djava.util.logging.config.file=C:\Users\ALRWAD\OneDrive\Desktop\JavaBootCamp\SpringMvcCrudApp\conf\logging.properties
27-Jan-2025 00:10:32.495 INFO [main] org.apache.catalina.startup.VersionLoggerListener.log Command line argument: -Djava.util.logging.manager=org.apache.juli.ClassLoaderLogManager
27-Jan-2025 00:10:32.495 INFO [main] org.apache.catalina.startup.VersionLoggerListener.log Command line argument: -javaagent:C:\Program Files\JetBrains\IntelliJ IDEA 2024.3\lib\idea_rt.jar=56579:C:\Program Files\JetBrains\IntelliJ IDEA 2024.3\bin
27-Jan-2025 00:10:32.497 INFO [main] org.apache.catalina.startup.VersionLoggerListener.log Command line argument: -Dfile.encoding=UTF-8
27-Jan-2025 00:10:32.498 INFO [main] org.apache.catalina.startup.VersionLoggerListener.log Command line argument: -Dsun.stdout.encoding=UTF-8
27-Jan-2025 00:10:32.498 INFO [main] org.apache.catalina.startup.VersionLoggerListener.log Command line argument: -Dsun.stderr.encoding=UTF-8
27-Jan-2025 00:10:32.509 INFO [main] org.apache.catalina.core.AprLifecycleListener.lifecycleEvent Loaded Apache Tomcat Native library [1.3.1] using APR version [1.7.4].
27-Jan-2025 00:10:32.509 INFO [main] org.apache.catalina.core.AprLifecycleListener.lifecycleEvent APR capabilities: IPv6 [true], sendfile [true], accept filters [false], random [true], UDS [true].
27-Jan-2025 00:10:32.510 INFO [main] org.apache.catalina.core.AprLifecycleListener.lifecycleEvent APR/OpenSSL configuration: useAprConnector [false], useOpenSSL [true]
27-Jan-2025 00:10:32.528 INFO [main] org.apache.catalina.core.AprLifecycleListener.initializeSSL OpenSSL successfully initialized [OpenSSL 3.0.14 4 Jun 2024]
27-Jan-2025 00:10:34.112 INFO [main] org.apache.coyote.AbstractProtocol.init Initializing ProtocolHandler ["http-nio-8081"]
27-Jan-2025 00:10:34.179 INFO [main] org.apache.catalina.startup.Catalina.load Server initialization in [2428] milliseconds
27-Jan-2025 00:10:34.300 INFO [main] org.apache.catalina.core.StandardService.startInternal Starting service [Catalina]
27-Jan-2025 00:10:34.301 INFO [main] org.apache.catalina.core.StandardEngine.startInternal Starting Servlet engine: [Apache Tomcat/9.0.98]
27-Jan-2025 00:10:34.337 INFO [main] org.apache.catalina.startup.HostConfig.deployDescriptor Deploying deployment descriptor [C:\Users\ALRWAD\OneDrive\Desktop\JavaBootCamp\SpringMvcCrudApp\conf\Catalina\localhost\AgeCalculator.xml]
27-Jan-2025 00:10:42.494 INFO [main] org.apache.jasper.servlet.TldScanner.scanJars At least one JAR was scanned for TLDs yet contained no TLDs. Enable debug logging for this logger for a complete list of JARs that were scanned but no TLDs were found in them. Skipping unneeded JARs during scanning can improve startup time and JSP compilation time.
27-Jan-2025 00:10:43.609 INFO [main] org.springframework.web.servlet.FrameworkServlet.initServletBean Initializing Servlet 'dispatcher'
27-Jan-2025 00:10:47.521 INFO [main] org.springframework.web.servlet.FrameworkServlet.initServletBean Completed initialization in 3912 ms
27-Jan-2025 00:10:47.545 INFO [main] org.apache.catalina.startup.HostConfig.deployDescriptor Deployment of deployment descriptor [C:\Users\ALRWAD\OneDrive\Desktop\JavaBootCamp\SpringMvcCrudApp\conf\Catalina\localhost\AgeCalculator.xml] has finished in [13,207] ms
27-Jan-2025 00:10:47.545 INFO [main] org.apache.catalina.startup.HostConfig.deployDescriptor Deploying deployment descriptor [C:\Users\ALRWAD\OneDrive\Desktop\JavaBootCamp\SpringMvcCrudApp\conf\Catalina\localhost\SpringMvcCrudApp.xml]
27-Jan-2025 00:10:51.927 INFO [main] org.apache.jasper.servlet.TldScanner.scanJars At least one JAR was scanned for TLDs yet contained no TLDs. Enable debug logging for this logger for a complete list of JARs that were scanned but no TLDs were found in them. Skipping unneeded JARs during scanning can improve startup time and JSP compilation time.
27-Jan-2025 00:10:52.498 INFO [main] org.springframework.web.servlet.FrameworkServlet.initServletBean Initializing Servlet 'dispatcher'
27-Jan-2025 00:10:54.688 INFO [MLog-Init-Reporter] com.mchange.v2.log.MLog. MLog clients using java 1.4+ standard logging.
27-Jan-2025 00:10:54.937 INFO [main] com.mchange.v2.c3p0.C3P0Registry. Initializing c3p0-0.9.5.5 [built 11-December-2019 22:18:33 -0800; debug? true; trace: 10]
27-Jan-2025 00:10:55.897 INFO [main] org.hibernate.Version.logVersion HHH000412: Hibernate Core {5.2.2.Final}
27-Jan-2025 00:10:55.904 INFO [main] org.hibernate.cfg.Environment.<clinit> HHH000206: hibernate.properties not found
27-Jan-2025 00:10:55.908 INFO [main] org.hibernate.cfg.Environment.buildBytecodeProvider HHH000021: Bytecode provider name : javassist
27-Jan-2025 00:10:56.148 INFO [main] org.hibernate.annotations.common.reflection.java.JavaReflectionManager.<clinit> HCANN000001: Hibernate Commons Annotations {5.0.1.Final}
27-Jan-2025 00:10:56.782 INFO [main] com.mchange.v2.c3p0.impl.AbstractPoolBackedDataSource. Initializing c3p0 pool... com.mchange.v2.c3p0.ComboPooledDataSource [ acquireIncrement -> 3, acquireRetryAttempts -> 30, acquireRetryDelay -> 1000, autoCommitOnClose -> false, automaticTestTable -> null, breakAfterAcquireFailure -> false, checkoutTimeout -> 0, connectionCustomizerClassName -> null, connectionTesterClassName -> com.mchange.v2.c3p0.impl.DefaultConnectionTester, contextClassLoaderSource -> caller, dataSourceName -> 1hge138b819otjq6liby0n|13bd25ab, debugUnreturnedConnectionStackTraces -> false, description -> null, driverClass -> com.mysql.cj.jdbc.Driver, extensions -> {}, factoryClassLocation -> null, forceIgnoreUnresolvedTransactions -> false, forceSynchronousCheckins -> false, forceUseNamedDriverClass -> false, identityToken -> 1hge138b819otjq6liby0n|13bd25ab, idleConnectionTestPeriod -> 0, initialPoolSize -> 3, jdbcUrl -> jdbc:mysql://localhost:3307/test?useSSL=false&serverTimezone=UTC, maxAdministrativeTaskTime -> 0, maxConnectionAge -> 0, maxIdleTime -> 30000, maxIdleTimeExcessConnections -> 0, maxPoolSize -> 20, maxStatements -> 0, maxStatementsPerConnection -> 0, minPoolSize -> 5, numHelperThreads -> 3, preferredTestQuery -> null, privilegeSpawnedThreads -> false, properties -> {user=******, password=******}, propertyCycle -> 0, statementCacheNumDeferredCloseThreads -> 0, testConnectionOnCheckin -> false, testConnectionOnCheckout -> false, unreturnedConnectionTimeout -> 0, userOverrides -> {}, usesTraditionalReflectiveProxies -> false ]
27-Jan-2025 00:10:56.847 WARNING [main] com.mchange.v2.resourcepool.BasicResourcePool. Bad pool size config, start 3 < min 5. Using 5 as start.
27-Jan-2025 00:10:57.784 INFO [main] org.hibernate.dialect.Dialect.<init> HHH000400: Using dialect: org.hibernate.dialect.MySQLDialect
27-Jan-2025 00:11:02.723 INFO [main] org.springframework.web.servlet.FrameworkServlet.initServletBean Completed initialization in 10224 ms
27-Jan-2025 00:11:02.735 INFO [main] org.apache.catalina.startup.HostConfig.deployDescriptor Deployment of deployment descriptor [C:\Users\ALRWAD\OneDrive\Desktop\JavaBootCamp\SpringMvcCrudApp\conf\Catalina\localhost\SpringMvcCrudApp.xml] has finished in [15,189] ms
27-Jan-2025 00:11:02.742 INFO [main] org.apache.coyote.AbstractProtocol.start Starting ProtocolHandler ["http-nio-8081"]
27-Jan-2025 00:11:02.770 INFO [main] org.apache.catalina.startup.Catalina.start Server startup in [28587] milliseconds
27-Jan-2025 00:11:06.551 WARN [http-nio-8081-exec-1] org.hibernate.engine.jdbc.spi.SqlExceptionHelper.logExceptions SQL Error: 1048, SQLState: 23000
27-Jan-2025 00:11:06.552 ERROR [http-nio-8081-exec-1] org.hibernate.engine.jdbc.spi.SqlExceptionHelper.logExceptions Column 'available' cannot be null
27-Jan-2025 00:13:21.796 WARN [http-nio-8081-exec-3] org.hibernate.engine.jdbc.spi.SqlExceptionHelper.logExceptions SQL Error: 1048, SQLState: 23000
27-Jan-2025 00:13:21.797 ERROR [http-nio-8081-exec-3] org.hibernate.engine.jdbc.spi.SqlExceptionHelper.logExceptions Column 'available' cannot be null
27-Jan-2025 00:13:56.843 INFO [Thread-5] org.apache.coyote.AbstractProtocol.pause Pausing ProtocolHandler ["http-nio-8081"]
27-Jan-2025 00:13:56.850 INFO [Thread-5] org.apache.catalina.core.StandardService.stopInternal Stopping service [Catalina]
27-Jan-2025 00:13:56.911 WARNING [Thread-5] org.apache.catalina.loader.WebappClassLoaderBase.clearReferencesJdbc The web application [SpringMvcCrudApp] registered the JDBC driver [com.mysql.cj.jdbc.Driver] but failed to unregister it when the web application was stopped. To prevent a memory leak, the JDBC Driver has been forcibly unregistered.
27-Jan-2025 00:13:56.913 WARNING [Thread-5] org.apache.catalina.loader.WebappClassLoaderBase.clearReferencesThreads The web application [SpringMvcCrudApp] appears to have started a thread named [mysql-cj-abandoned-connection-cleanup] but has failed to stop it. This is very likely to create a memory leak. Stack trace of thread:
 java.base/jdk.internal.misc.Unsafe.park(Native Method)
 java.base/java.util.concurrent.locks.LockSupport.parkNanos(LockSupport.java:269)
 java.base/java.util.concurrent.locks.AbstractQueuedSynchronizer$ConditionObject.await(AbstractQueuedSynchronizer.java:1852)
 java.base/java.lang.ref.ReferenceQueue.await(ReferenceQueue.java:79)
 java.base/java.lang.ref.ReferenceQueue.remove0(ReferenceQueue.java:151)
 java.base/java.lang.ref.ReferenceQueue.remove(ReferenceQueue.java:229)
 com.mysql.cj.jdbc.AbandonedConnectionCleanupThread.run(AbandonedConnectionCleanupThread.java:91)
 java.base/java.util.concurrent.ThreadPoolExecutor.runWorker(ThreadPoolExecutor.java:1144)
 java.base/java.util.concurrent.ThreadPoolExecutor$Worker.run(ThreadPoolExecutor.java:642)
 java.base/java.lang.Thread.run(Thread.java:1575)
27-Jan-2025 00:13:56.913 WARNING [Thread-5] org.apache.catalina.loader.WebappClassLoaderBase.clearReferencesThreads The web application [SpringMvcCrudApp] appears to have started a thread named [Resource Destroyer in BasicResourcePool.close()] but has failed to stop it. This is very likely to create a memory leak. Stack trace of thread:
 java.base/java.lang.AbstractStringBuilder.ensureCapacityInternal(AbstractStringBuilder.java:246)
 java.base/java.lang.AbstractStringBuilder.append(AbstractStringBuilder.java:590)
 java.base/java.lang.StringBuilder.append(StringBuilder.java:179)
 org.apache.catalina.webresources.AbstractArchiveResourceSet.getResource(AbstractArchiveResourceSet.java:229)
 org.apache.catalina.webresources.StandardRoot.getResourceInternal(StandardRoot.java:272)
 org.apache.catalina.webresources.Cache.getResource(Cache.java:64)
 org.apache.catalina.webresources.StandardRoot.getResource(StandardRoot.java:211)
 org.apache.catalina.webresources.StandardRoot.getClassLoaderResource(StandardRoot.java:220)
 org.apache.catalina.loader.WebappClassLoaderBase.findClassInternal(WebappClassLoaderBase.java:2222)
 org.apache.catalina.loader.WebappClassLoaderBase.findClassInternal(WebappClassLoaderBase.java:2208)
 org.apache.catalina.loader.WebappClassLoaderBase.findClass(WebappClassLoaderBase.java:823)
 org.apache.catalina.loader.WebappClassLoaderBase.loadClass(WebappClassLoaderBase.java:1310)
 org.apache.catalina.loader.WebappClassLoaderBase.loadClass(WebappClassLoaderBase.java:1158)
 com.mchange.v2.resourcepool.BasicResourcePool.destroyResource(BasicResourcePool.java:1130)
 com.mchange.v2.resourcepool.BasicResourcePool.destroyResource(BasicResourcePool.java:1100)
 com.mchange.v2.resourcepool.BasicResourcePool.access$100(BasicResourcePool.java:44)
 com.mchange.v2.resourcepool.BasicResourcePool$5.run(BasicResourcePool.java:1354)
27-Jan-2025 00:13:56.918 INFO [Thread-5] org.apache.coyote.AbstractProtocol.stop Stopping ProtocolHandler ["http-nio-8081"]
27-Jan-2025 00:13:56.919 INFO [Resource Destroyer in BasicResourcePool.close()] org.apache.catalina.loader.WebappClassLoaderBase.checkStateForResourceLoading Illegal access: this web application instance has been stopped already. Could not load [com.mchange.v2.resourcepool.BasicResourcePool$1DestroyResourceTask]. The following stack trace is thrown for debugging purposes as well as to attempt to terminate the thread which caused the illegal access.
	java.lang.IllegalStateException: Illegal access: this web application instance has been stopped already. Could not load [com.mchange.v2.resourcepool.BasicResourcePool$1DestroyResourceTask]. The following stack trace is thrown for debugging purposes as well as to attempt to terminate the thread which caused the illegal access.
		at org.apache.catalina.loader.WebappClassLoaderBase.checkStateForResourceLoading(WebappClassLoaderBase.java:1369)
		at org.apache.catalina.loader.WebappClassLoaderBase.checkStateForClassLoading(WebappClassLoaderBase.java:1357)
		at org.apache.catalina.loader.WebappClassLoaderBase.loadClass(WebappClassLoaderBase.java:1191)
		at org.apache.catalina.loader.WebappClassLoaderBase.loadClass(WebappClassLoaderBase.java:1158)
		at com.mchange.v2.resourcepool.BasicResourcePool.destroyResource(BasicResourcePool.java:1130)
		at com.mchange.v2.resourcepool.BasicResourcePool.destroyResource(BasicResourcePool.java:1100)
		at com.mchange.v2.resourcepool.BasicResourcePool.access$100(BasicResourcePool.java:44)
		at com.mchange.v2.resourcepool.BasicResourcePool$5.run(BasicResourcePool.java:1354)
27-Jan-2025 00:13:56.933 INFO [Thread-5] org.apache.coyote.AbstractProtocol.destroy Destroying ProtocolHandler ["http-nio-8081"]
27-Jan-2025 00:14:10.252 INFO [main] org.apache.catalina.startup.VersionLoggerListener.log Server version name:   Apache Tomcat/9.0.98
27-Jan-2025 00:14:10.261 INFO [main] org.apache.catalina.startup.VersionLoggerListener.log Server built:          Dec 5 2024 19:50:29 UTC
27-Jan-2025 00:14:10.261 INFO [main] org.apache.catalina.startup.VersionLoggerListener.log Server version number: 9.0.98.0
27-Jan-2025 00:14:10.262 INFO [main] org.apache.catalina.startup.VersionLoggerListener.log OS Name:               Windows 10
27-Jan-2025 00:14:10.262 INFO [main] org.apache.catalina.startup.VersionLoggerListener.log OS Version:            10.0
27-Jan-2025 00:14:10.262 INFO [main] org.apache.catalina.startup.VersionLoggerListener.log Architecture:          amd64
27-Jan-2025 00:14:10.262 INFO [main] org.apache.catalina.startup.VersionLoggerListener.log Java Home:             C:\Program Files\Java\jdk-23
27-Jan-2025 00:14:10.262 INFO [main] org.apache.catalina.startup.VersionLoggerListener.log JVM Version:           23.0.1+11-39
27-Jan-2025 00:14:10.263 INFO [main] org.apache.catalina.startup.VersionLoggerListener.log JVM Vendor:            Oracle Corporation
27-Jan-2025 00:14:10.263 INFO [main] org.apache.catalina.startup.VersionLoggerListener.log CATALINA_BASE:         C:\Users\ALRWAD\OneDrive\Desktop\JavaBootCamp\SpringMvcCrudApp
27-Jan-2025 00:14:10.263 INFO [main] org.apache.catalina.startup.VersionLoggerListener.log CATALINA_HOME:         C:\Program Files\Apache Software Foundation\Tomcat 9.0
27-Jan-2025 00:14:10.282 INFO [main] org.apache.catalina.startup.VersionLoggerListener.log Command line argument: --add-opens=java.base/java.lang=ALL-UNNAMED
27-Jan-2025 00:14:10.282 INFO [main] org.apache.catalina.startup.VersionLoggerListener.log Command line argument: --add-opens=java.base/java.io=ALL-UNNAMED
27-Jan-2025 00:14:10.283 INFO [main] org.apache.catalina.startup.VersionLoggerListener.log Command line argument: --add-opens=java.base/java.util=ALL-UNNAMED
27-Jan-2025 00:14:10.285 INFO [main] org.apache.catalina.startup.VersionLoggerListener.log Command line argument: --add-opens=java.base/java.util.concurrent=ALL-UNNAMED
27-Jan-2025 00:14:10.285 INFO [main] org.apache.catalina.startup.VersionLoggerListener.log Command line argument: --add-opens=java.rmi/sun.rmi.transport=ALL-UNNAMED
27-Jan-2025 00:14:10.286 INFO [main] org.apache.catalina.startup.VersionLoggerListener.log Command line argument: -Dcatalina.home=C:\Program Files\Apache Software Foundation\Tomcat 9.0
27-Jan-2025 00:14:10.286 INFO [main] org.apache.catalina.startup.VersionLoggerListener.log Command line argument: -Dcatalina.base=C:\Users\ALRWAD\OneDrive\Desktop\JavaBootCamp\SpringMvcCrudApp
27-Jan-2025 00:14:10.287 INFO [main] org.apache.catalina.startup.VersionLoggerListener.log Command line argument: -Djava.io.tmpdir=C:\Users\ALRWAD\OneDrive\Desktop\JavaBootCamp\SpringMvcCrudApp\temp
27-Jan-2025 00:14:10.287 INFO [main] org.apache.catalina.startup.VersionLoggerListener.log Command line argument: -Djava.util.logging.config.file=C:\Users\ALRWAD\OneDrive\Desktop\JavaBootCamp\SpringMvcCrudApp\conf\logging.properties
27-Jan-2025 00:14:10.288 INFO [main] org.apache.catalina.startup.VersionLoggerListener.log Command line argument: -Djava.util.logging.manager=org.apache.juli.ClassLoaderLogManager
27-Jan-2025 00:14:10.288 INFO [main] org.apache.catalina.startup.VersionLoggerListener.log Command line argument: -javaagent:C:\Program Files\JetBrains\IntelliJ IDEA 2024.3\lib\idea_rt.jar=56622:C:\Program Files\JetBrains\IntelliJ IDEA 2024.3\bin
27-Jan-2025 00:14:10.288 INFO [main] org.apache.catalina.startup.VersionLoggerListener.log Command line argument: -Dfile.encoding=UTF-8
27-Jan-2025 00:14:10.289 INFO [main] org.apache.catalina.startup.VersionLoggerListener.log Command line argument: -Dsun.stdout.encoding=UTF-8
27-Jan-2025 00:14:10.289 INFO [main] org.apache.catalina.startup.VersionLoggerListener.log Command line argument: -Dsun.stderr.encoding=UTF-8
27-Jan-2025 00:14:10.296 INFO [main] org.apache.catalina.core.AprLifecycleListener.lifecycleEvent Loaded Apache Tomcat Native library [1.3.1] using APR version [1.7.4].
27-Jan-2025 00:14:10.297 INFO [main] org.apache.catalina.core.AprLifecycleListener.lifecycleEvent APR capabilities: IPv6 [true], sendfile [true], accept filters [false], random [true], UDS [true].
27-Jan-2025 00:14:10.297 INFO [main] org.apache.catalina.core.AprLifecycleListener.lifecycleEvent APR/OpenSSL configuration: useAprConnector [false], useOpenSSL [true]
27-Jan-2025 00:14:10.315 INFO [main] org.apache.catalina.core.AprLifecycleListener.initializeSSL OpenSSL successfully initialized [OpenSSL 3.0.14 4 Jun 2024]
27-Jan-2025 00:14:11.299 INFO [main] org.apache.coyote.AbstractProtocol.init Initializing ProtocolHandler ["http-nio-8081"]
27-Jan-2025 00:14:11.397 INFO [main] org.apache.catalina.startup.Catalina.load Server initialization in [1883] milliseconds
27-Jan-2025 00:14:11.518 INFO [main] org.apache.catalina.core.StandardService.startInternal Starting service [Catalina]
27-Jan-2025 00:14:11.519 INFO [main] org.apache.catalina.core.StandardEngine.startInternal Starting Servlet engine: [Apache Tomcat/9.0.98]
27-Jan-2025 00:14:11.542 INFO [main] org.apache.catalina.startup.HostConfig.deployDescriptor Deploying deployment descriptor [C:\Users\ALRWAD\OneDrive\Desktop\JavaBootCamp\SpringMvcCrudApp\conf\Catalina\localhost\AgeCalculator.xml]
27-Jan-2025 00:14:19.411 INFO [main] org.apache.jasper.servlet.TldScanner.scanJars At least one JAR was scanned for TLDs yet contained no TLDs. Enable debug logging for this logger for a complete list of JARs that were scanned but no TLDs were found in them. Skipping unneeded JARs during scanning can improve startup time and JSP compilation time.
27-Jan-2025 00:14:20.375 INFO [main] org.springframework.web.servlet.FrameworkServlet.initServletBean Initializing Servlet 'dispatcher'
27-Jan-2025 00:14:24.660 INFO [main] org.springframework.web.servlet.FrameworkServlet.initServletBean Completed initialization in 4284 ms
27-Jan-2025 00:14:24.681 INFO [main] org.apache.catalina.startup.HostConfig.deployDescriptor Deployment of deployment descriptor [C:\Users\ALRWAD\OneDrive\Desktop\JavaBootCamp\SpringMvcCrudApp\conf\Catalina\localhost\AgeCalculator.xml] has finished in [13,139] ms
27-Jan-2025 00:14:24.681 INFO [main] org.apache.catalina.startup.HostConfig.deployDescriptor Deploying deployment descriptor [C:\Users\ALRWAD\OneDrive\Desktop\JavaBootCamp\SpringMvcCrudApp\conf\Catalina\localhost\SpringMvcCrudApp.xml]
27-Jan-2025 00:14:29.191 INFO [main] org.apache.jasper.servlet.TldScanner.scanJars At least one JAR was scanned for TLDs yet contained no TLDs. Enable debug logging for this logger for a complete list of JARs that were scanned but no TLDs were found in them. Skipping unneeded JARs during scanning can improve startup time and JSP compilation time.
27-Jan-2025 00:14:29.757 INFO [main] org.springframework.web.servlet.FrameworkServlet.initServletBean Initializing Servlet 'dispatcher'
27-Jan-2025 00:14:33.767 INFO [MLog-Init-Reporter] com.mchange.v2.log.MLog. MLog clients using java 1.4+ standard logging.
27-Jan-2025 00:14:34.195 INFO [main] com.mchange.v2.c3p0.C3P0Registry. Initializing c3p0-0.9.5.5 [built 11-December-2019 22:18:33 -0800; debug? true; trace: 10]
27-Jan-2025 00:14:35.330 INFO [main] org.hibernate.Version.logVersion HHH000412: Hibernate Core {5.2.2.Final}
27-Jan-2025 00:14:35.338 INFO [main] org.hibernate.cfg.Environment.<clinit> HHH000206: hibernate.properties not found
27-Jan-2025 00:14:35.341 INFO [main] org.hibernate.cfg.Environment.buildBytecodeProvider HHH000021: Bytecode provider name : javassist
27-Jan-2025 00:14:35.610 INFO [main] org.hibernate.annotations.common.reflection.java.JavaReflectionManager.<clinit> HCANN000001: Hibernate Commons Annotations {5.0.1.Final}
27-Jan-2025 00:14:36.202 INFO [main] com.mchange.v2.c3p0.impl.AbstractPoolBackedDataSource. Initializing c3p0 pool... com.mchange.v2.c3p0.ComboPooledDataSource [ acquireIncrement -> 3, acquireRetryAttempts -> 30, acquireRetryDelay -> 1000, autoCommitOnClose -> false, automaticTestTable -> null, breakAfterAcquireFailure -> false, checkoutTimeout -> 0, connectionCustomizerClassName -> null, connectionTesterClassName -> com.mchange.v2.c3p0.impl.DefaultConnectionTester, contextClassLoaderSource -> caller, dataSourceName -> 1hge138b819oy8uyqdpo6o|64123c4d, debugUnreturnedConnectionStackTraces -> false, description -> null, driverClass -> com.mysql.cj.jdbc.Driver, extensions -> {}, factoryClassLocation -> null, forceIgnoreUnresolvedTransactions -> false, forceSynchronousCheckins -> false, forceUseNamedDriverClass -> false, identityToken -> 1hge138b819oy8uyqdpo6o|64123c4d, idleConnectionTestPeriod -> 0, initialPoolSize -> 3, jdbcUrl -> jdbc:mysql://localhost:3307/test?useSSL=false&serverTimezone=UTC, maxAdministrativeTaskTime -> 0, maxConnectionAge -> 0, maxIdleTime -> 30000, maxIdleTimeExcessConnections -> 0, maxPoolSize -> 20, maxStatements -> 0, maxStatementsPerConnection -> 0, minPoolSize -> 5, numHelperThreads -> 3, preferredTestQuery -> null, privilegeSpawnedThreads -> false, properties -> {user=******, password=******}, propertyCycle -> 0, statementCacheNumDeferredCloseThreads -> 0, testConnectionOnCheckin -> false, testConnectionOnCheckout -> false, unreturnedConnectionTimeout -> 0, userOverrides -> {}, usesTraditionalReflectiveProxies -> false ]
27-Jan-2025 00:14:36.260 WARNING [main] com.mchange.v2.resourcepool.BasicResourcePool. Bad pool size config, start 3 < min 5. Using 5 as start.
27-Jan-2025 00:14:37.233 INFO [main] org.hibernate.dialect.Dialect.<init> HHH000400: Using dialect: org.hibernate.dialect.MySQLDialect
27-Jan-2025 00:14:43.233 INFO [main] org.springframework.web.servlet.FrameworkServlet.initServletBean Completed initialization in 13476 ms
27-Jan-2025 00:14:43.241 INFO [main] org.apache.catalina.startup.HostConfig.deployDescriptor Deployment of deployment descriptor [C:\Users\ALRWAD\OneDrive\Desktop\JavaBootCamp\SpringMvcCrudApp\conf\Catalina\localhost\SpringMvcCrudApp.xml] has finished in [18,560] ms
27-Jan-2025 00:14:43.251 INFO [main] org.apache.coyote.AbstractProtocol.start Starting ProtocolHandler ["http-nio-8081"]
27-Jan-2025 00:14:43.292 INFO [main] org.apache.catalina.startup.Catalina.start Server startup in [31891] milliseconds
27-Jan-2025 00:14:44.155 WARN [http-nio-8081-exec-1] org.hibernate.engine.jdbc.spi.SqlExceptionHelper.logExceptions SQL Error: 1048, SQLState: 23000
27-Jan-2025 00:14:44.156 ERROR [http-nio-8081-exec-1] org.hibernate.engine.jdbc.spi.SqlExceptionHelper.logExceptions Column 'available' cannot be null
27-Jan-2025 00:25:39.183 WARN [http-nio-8081-exec-3] org.hibernate.engine.jdbc.spi.SqlExceptionHelper.logExceptions SQL Error: 1048, SQLState: 23000
27-Jan-2025 00:25:39.184 ERROR [http-nio-8081-exec-3] org.hibernate.engine.jdbc.spi.SqlExceptionHelper.logExceptions Column 'available' cannot be null
27-Jan-2025 00:34:42.246 INFO [Thread-5] org.apache.coyote.AbstractProtocol.pause Pausing ProtocolHandler ["http-nio-8081"]
27-Jan-2025 00:34:42.252 INFO [Thread-5] org.apache.catalina.core.StandardService.stopInternal Stopping service [Catalina]
27-Jan-2025 00:34:42.346 WARNING [Thread-5] org.apache.catalina.loader.WebappClassLoaderBase.clearReferencesJdbc The web application [SpringMvcCrudApp] registered the JDBC driver [com.mysql.cj.jdbc.Driver] but failed to unregister it when the web application was stopped. To prevent a memory leak, the JDBC Driver has been forcibly unregistered.
27-Jan-2025 00:34:42.347 WARNING [Thread-5] org.apache.catalina.loader.WebappClassLoaderBase.clearReferencesThreads The web application [SpringMvcCrudApp] appears to have started a thread named [mysql-cj-abandoned-connection-cleanup] but has failed to stop it. This is very likely to create a memory leak. Stack trace of thread:
 java.base/jdk.internal.misc.Unsafe.park(Native Method)
 java.base/java.util.concurrent.locks.LockSupport.parkNanos(LockSupport.java:269)
 java.base/java.util.concurrent.locks.AbstractQueuedSynchronizer$ConditionObject.await(AbstractQueuedSynchronizer.java:1852)
 java.base/java.lang.ref.ReferenceQueue.await(ReferenceQueue.java:79)
 java.base/java.lang.ref.ReferenceQueue.remove0(ReferenceQueue.java:151)
 java.base/java.lang.ref.ReferenceQueue.remove(ReferenceQueue.java:229)
 com.mysql.cj.jdbc.AbandonedConnectionCleanupThread.run(AbandonedConnectionCleanupThread.java:91)
 java.base/java.util.concurrent.ThreadPoolExecutor.runWorker(ThreadPoolExecutor.java:1144)
 java.base/java.util.concurrent.ThreadPoolExecutor$Worker.run(ThreadPoolExecutor.java:642)
 java.base/java.lang.Thread.run(Thread.java:1575)
27-Jan-2025 00:34:42.347 WARNING [Thread-5] org.apache.catalina.loader.WebappClassLoaderBase.clearReferencesThreads The web application [SpringMvcCrudApp] appears to have started a thread named [Resource Destroyer in BasicResourcePool.close()] but has failed to stop it. This is very likely to create a memory leak. Stack trace of thread:
 java.base/java.io.RandomAccessFile.open0(Native Method)
 java.base/java.io.RandomAccessFile.open(RandomAccessFile.java:366)
 java.base/java.io.RandomAccessFile.<init>(RandomAccessFile.java:285)
 java.base/java.io.RandomAccessFile.<init>(RandomAccessFile.java:231)
 java.base/java.util.zip.ZipFile$Source.<init>(ZipFile.java:1559)
 java.base/java.util.zip.ZipFile$Source.get(ZipFile.java:1525)
 java.base/java.util.zip.ZipFile$CleanableResource.<init>(ZipFile.java:744)
 java.base/java.util.zip.ZipFile.<init>(ZipFile.java:254)
 java.base/java.util.zip.ZipFile.<init>(ZipFile.java:181)
 java.base/java.util.jar.JarFile.<init>(JarFile.java:345)
 java.base/jdk.internal.reflect.DirectConstructorHandleAccessor.newInstance(DirectConstructorHandleAccessor.java:62)
 java.base/java.lang.reflect.Constructor.newInstanceWithCaller(Constructor.java:501)
 java.base/java.lang.reflect.Constructor.newInstance(Constructor.java:485)
 org.apache.tomcat.util.compat.Jre9Compat.jarFileNewInstance(Jre9Compat.java:206)
 org.apache.tomcat.util.compat.Jre19Compat.jarFileNewInstance(Jre19Compat.java:25)
 org.apache.tomcat.util.compat.JreCompat.jarFileNewInstance(JreCompat.java:279)
 org.apache.catalina.webresources.AbstractArchiveResourceSet.openJarFile(AbstractArchiveResourceSet.java:300)
 org.apache.catalina.webresources.AbstractSingleArchiveResourceSet.getArchiveEntry(AbstractSingleArchiveResourceSet.java:96)
 org.apache.catalina.webresources.AbstractArchiveResourceSet.getResource(AbstractArchiveResourceSet.java:250)
 org.apache.catalina.webresources.StandardRoot.getResourceInternal(StandardRoot.java:272)
 org.apache.catalina.webresources.Cache.getResource(Cache.java:64)
 org.apache.catalina.webresources.StandardRoot.getResource(StandardRoot.java:211)
 org.apache.catalina.webresources.StandardRoot.getClassLoaderResource(StandardRoot.java:220)
 org.apache.catalina.loader.WebappClassLoaderBase.findClassInternal(WebappClassLoaderBase.java:2222)
 org.apache.catalina.loader.WebappClassLoaderBase.findClassInternal(WebappClassLoaderBase.java:2208)
 org.apache.catalina.loader.WebappClassLoaderBase.findClass(WebappClassLoaderBase.java:823)
 org.apache.catalina.loader.WebappClassLoaderBase.loadClass(WebappClassLoaderBase.java:1310)
 org.apache.catalina.loader.WebappClassLoaderBase.loadClass(WebappClassLoaderBase.java:1158)
 com.mchange.v2.resourcepool.BasicResourcePool.destroyResource(BasicResourcePool.java:1130)
 com.mchange.v2.resourcepool.BasicResourcePool.destroyResource(BasicResourcePool.java:1100)
 com.mchange.v2.resourcepool.BasicResourcePool.access$100(BasicResourcePool.java:44)
 com.mchange.v2.resourcepool.BasicResourcePool$5.run(BasicResourcePool.java:1354)
27-Jan-2025 00:34:42.353 INFO [Thread-5] org.apache.coyote.AbstractProtocol.stop Stopping ProtocolHandler ["http-nio-8081"]
27-Jan-2025 00:34:42.353 INFO [Resource Destroyer in BasicResourcePool.close()] org.apache.catalina.loader.WebappClassLoaderBase.checkStateForResourceLoading Illegal access: this web application instance has been stopped already. Could not load [com.mchange.v2.resourcepool.BasicResourcePool$1DestroyResourceTask]. The following stack trace is thrown for debugging purposes as well as to attempt to terminate the thread which caused the illegal access.
	java.lang.IllegalStateException: Illegal access: this web application instance has been stopped already. Could not load [com.mchange.v2.resourcepool.BasicResourcePool$1DestroyResourceTask]. The following stack trace is thrown for debugging purposes as well as to attempt to terminate the thread which caused the illegal access.
		at org.apache.catalina.loader.WebappClassLoaderBase.checkStateForResourceLoading(WebappClassLoaderBase.java:1369)
		at org.apache.catalina.loader.WebappClassLoaderBase.checkStateForClassLoading(WebappClassLoaderBase.java:1357)
		at org.apache.catalina.loader.WebappClassLoaderBase.loadClass(WebappClassLoaderBase.java:1191)
		at org.apache.catalina.loader.WebappClassLoaderBase.loadClass(WebappClassLoaderBase.java:1158)
		at com.mchange.v2.resourcepool.BasicResourcePool.destroyResource(BasicResourcePool.java:1130)
		at com.mchange.v2.resourcepool.BasicResourcePool.destroyResource(BasicResourcePool.java:1100)
		at com.mchange.v2.resourcepool.BasicResourcePool.access$100(BasicResourcePool.java:44)
		at com.mchange.v2.resourcepool.BasicResourcePool$5.run(BasicResourcePool.java:1354)
27-Jan-2025 00:34:42.367 INFO [Thread-5] org.apache.coyote.AbstractProtocol.destroy Destroying ProtocolHandler ["http-nio-8081"]
